<?xml version="1.0" encoding="UTF-8"?>
<!-- Generated by org.testng.reporters.JUnitReportReporter -->
<testsuite hostname="Satvicks-MacBook-Pro.local" failures="0" tests="9" name="test.playlist" time="4.857" errors="0" timestamp="2024-07-22T18:14:31 IST" skipped="0">
  <testcase classname="test.playlist" name="userdetails" time="1.760"/>
  <testcase classname="test.playlist" name="playlistdetails" time="0.280"/>
  <testcase classname="test.playlist" name="createstplaylist" time="0.588"/>
  <testcase classname="test.playlist" name="addtplaylistitems" time="0.396"/>
  <testcase classname="test.playlist" name="updatetplaylistitems" time="0.397"/>
  <testcase classname="test.playlist" name="deletetiteamplaylist" time="0.382"/>
  <testcase classname="test.playlist" name="playlistitemdetails" time="0.317"/>
  <testcase classname="test.playlist" name="deleteplaylist" time="0.359"/>
  <testcase classname="test.playlist" name="playlitdetails" time="0.378"/>
</testsuite> <!-- test.playlist -->
